#
# A fatal error has been detected by the Java Runtime Environment:
#
#  SIGSEGV (0xb) at pc=0x00007ff59f0a5401, pid=812, tid=817
#
# JRE version: OpenJDK Runtime Environment (11.0.8+10) (build 11.0.8+10-post-Ubuntu-0ubuntu118.04.1)
# Java VM: OpenJDK 64-Bit Server VM (11.0.8+10-post-Ubuntu-0ubuntu118.04.1, mixed mode, sharing, tiered, compressed oops, serial gc, linux-amd64)
# Problematic frame:
# C  [libjimage.so+0x2401]
#
# Core dump will be written. Default location: Core dumps may be processed with "/usr/share/apport/apport %p %s %c %d %P %E" (or dumping to /home/runner/a8final-b-rahmd0012/core.812)
#
# If you would like to submit a bug report, please visit:
#   https://bugs.launchpad.net/ubuntu/+source/openjdk-lts
#

---------------  S U M M A R Y ------------

Command Line: Main

Host: Intel(R) Xeon(R) CPU @ 2.30GHz, 4 cores, 512M, Ubuntu 18.04.5 LTS
Time: Mon Nov  2 14:17:33 2020 UTC elapsed time: 86 seconds (0d 0h 1m 26s)

---------------  T H R E A D  ---------------

Current thread (0x00007ff598059000):  JavaThread "Signal Dispatcher" daemon [_thread_in_vm, id=817, stack(0x00007ff59d607000,0x00007ff59d708000)]

Stack: [0x00007ff59d607000,0x00007ff59d708000],  sp=0x00007ff59d7051e0,  free space=1016k
Native frames: (J=compiled Java code, A=aot compiled Java code, j=interpreted, Vv=VM code, C=native code)
C  [libjimage.so+0x2401]
C  [libjimage.so+0x30ea]
C  [libjimage.so+0x35c6]  JIMAGE_FindResource+0xd6
V  [libjvm.so+0x59097e]
V  [libjvm.so+0x5936e0]
V  [libjvm.so+0xd50b85]
V  [libjvm.so+0xd4e51a]
V  [libjvm.so+0xd51112]
V  [libjvm.so+0x645bed]
V  [libjvm.so+0x83f24c]
j  jdk.internal.misc.Signal.dispatch(I)V+25 java.base@11.0.8
v  ~StubRoutines::call_stub
V  [libjvm.so+0x84eb09]
V  [libjvm.so+0x84d8f5]
V  [libjvm.so+0xbc3d2c]
V  [libjvm.so+0xd8996f]
V  [libjvm.so+0xd860bf]
V  [libjvm.so+0xbd632e]

Java frames: (J=compiled Java code, j=interpreted, Vv=VM code)
j  jdk.internal.misc.Signal.dispatch(I)V+25 java.base@11.0.8
v  ~StubRoutines::call_stub

siginfo: si_signo: 11 (SIGSEGV), si_code: 1 (SEGV_MAPERR), si_addr: 0x00007ff58f914458

Register to memory mapping:

RAX=0x000000000000490f is an unknown value
RBX=0x00007ff59d705291 is pointing into the stack for thread: 0x00007ff598059000
RCX=0x00007ff58f90201c is an unknown value
RDX=0x000000000000490f is an unknown value
RSP=0x00007ff59d7051e0 is pointing into the stack for thread: 0x00007ff598059000
RBP=0x00007ff59d705200 is pointing into the stack for thread: 0x00007ff598059000
RSI=0x00007ff59d705290 is pointing into the stack for thread: 0x00007ff598059000
RDI=0x00007ff59f2a8030: <offset 0x0000000000205030> in /usr/lib/jvm/java-11-openjdk-amd64/lib/libjimage.so at 0x00007ff59f0a3000
R8 =0x0 is NULL
R9 =0x0000000076100fa4 is an unknown value
R10=0x00007ff59d7052b3 is pointing into the stack for thread: 0x00007ff598059000
R11=0x00007ff5a10de07d: <offset 0x0000000000eb307d> in /usr/lib/jvm/java-11-openjdk-amd64/lib/server/libjvm.so at 0x00007ff5a022b000
R12=0x00007ff59d705290 is pointing into the stack for thread: 0x00007ff598059000
R13=0x00000000000083bc is an unknown value
R14=0x00007ff59d706328 is pointing into the stack for thread: 0x00007ff598059000
R15=0x00007ff598059b60 points into unknown readable memory: 6a 64 6b 2f 69 6e 74 65


Registers:
RAX=0x000000000000490f, RBX=0x00007ff59d705291, RCX=0x00007ff58f90201c, RDX=0x000000000000490f
RSP=0x00007ff59d7051e0, RBP=0x00007ff59d705200, RSI=0x00007ff59d705290, RDI=0x00007ff59f2a8030
R8 =0x0000000000000000, R9 =0x0000000076100fa4, R10=0x00007ff59d7052b3, R11=0x00007ff5a10de07d
R12=0x00007ff59d705290, R13=0x00000000000083bc, R14=0x00007ff59d706328, R15=0x00007ff598059b60
RIP=0x00007ff59f0a5401, EFLAGS=0x0000000000010246, CSGSFS=0x002b000000000033, ERR=0x0000000000000004
  TRAPNO=0x000000000000000e

Top of Stack: (sp=0x00007ff59d7051e0)
0x00007ff59d7051e0:   0000000000000000 00007ff598009600
0x00007ff59d7051f0:   0000000000000000 00007ff59d705290
0x00007ff59d705200:   00007ff59d705270 00007ff59f0a60ea
0x00007ff59d705210:   0000000000000000 0000000000000000 

Instructions: (pc=0x00007ff59f0a5401)
0x00007ff59f0a5301:   c5 4c 01 e3 48 89 ce e8 d3 f3 ff ff e9 69 fd ff
0x00007ff59f0a5311:   ff 89 d1 0f b7 74 08 fe 66 41 89 74 0e fe e9 7a
0x00007ff59f0a5321:   fe ff ff 0f 1f 40 00 8b 08 49 8d 1c 16 41 89 0e
0x00007ff59f0a5331:   89 d1 8b 74 08 fc 41 89 74 0e fc 48 8d 34 10 48
0x00007ff59f0a5341:   89 75 b8 e9 0b fe ff ff 0f 1f 80 00 00 00 00 0f
0x00007ff59f0a5351:   b6 17 55 89 f0 48 89 e5 84 d2 74 22 48 8d 4f 01
0x00007ff59f0a5361:   0f 1f 80 00 00 00 00 48 83 c1 01 0f b6 f2 0f b6
0x00007ff59f0a5371:   51 ff 69 c0 93 01 00 01 31 f0 84 d2 75 e9 25 ff
0x00007ff59f0a5381:   ff ff 7f 5d c3 66 2e 0f 1f 84 00 00 00 00 00 48
0x00007ff59f0a5391:   85 d2 0f 84 dd 00 00 00 85 c9 0f 84 d5 00 00 00
0x00007ff59f0a53a1:   55 48 89 e5 41 55 41 54 53 48 8d 5e 01 48 83 ec
0x00007ff59f0a53b1:   08 44 0f b6 06 45 84 c0 0f 84 a9 00 00 00 49 89
0x00007ff59f0a53c1:   da b8 93 01 00 01 66 0f 1f 84 00 00 00 00 00 49
0x00007ff59f0a53d1:   83 c2 01 44 69 c8 93 01 00 01 41 0f b6 c0 45 0f
0x00007ff59f0a53e1:   b6 42 ff 44 31 c8 45 84 c0 75 e4 25 ff ff ff 7f
0x00007ff59f0a53f1:   41 89 cd 48 89 d1 31 d2 41 f7 f5 49 89 f4 89 d0
0x00007ff59f0a5401:   8b 34 81 48 8b 07 ff 50 20 83 f8 00 7e 41 41 0f
0x00007ff59f0a5411:   b6 14 24 84 d2 74 1c 0f 1f 84 00 00 